[2026-04-17 10:04:35] HIGH TEMPERATURE DETECTED
[2026-04-17 10:05:47] WARNING: High Temperature
[2026-04-17 10:05:49] HIGH TEMPERATURE DETECTED
[2026-04-17 10:05:49] WARNING: High Temperature
[2026-04-17 10:05:50] HIGH TEMPERATURE DETECTED
[2026-04-17 10:05:50] WARNING: High Temperature
[2026-04-17 10:05:53] HIGH TEMPERATURE DETECTED
[2026-04-17 10:05:53] WARNING: High Temperature
[2026-04-17 10:05:55] HIGH TEMPERATURE DETECTED
[2026-04-17 10:05:55] WARNING: High Temperature
[2026-04-17 10:05:56] HIGH TEMPERATURE DETECTED
[2026-04-17 10:05:56] WARNING: High Temperature
[2026-04-17 10:05:57] HIGH TEMPERATURE DETECTED
[2026-04-17 10:05:57] WARNING: High Temperature
[2026-04-17 10:05:58] HIGH TEMPERATURE DETECTED
[2026-04-17 10:05:58] WARNING: High Temperature
[2026-04-17 10:05:59] HIGH TEMPERATURE DETECTED
[2026-04-17 10:05:59] WARNING: High Temperature
[2026-04-17 10:06:00] HIGH TEMPERATURE DETECTED
[2026-04-17 10:06:00] WARNING: High Temperature
[2026-04-17 10:06:02] HIGH TEMPERATURE DETECTED
[2026-04-17 10:06:02] WARNING: High Temperature
[2026-04-17 10:06:05] HIGH TEMPERATURE DETECTED
[2026-04-17 10:06:05] WARNING: High Temperature
[2026-04-17 10:06:07] HIGH TEMPERATURE DETECTED
[2026-04-17 10:06:07] WARNING: High Temperature
[2026-04-17 10:06:10] HIGH TEMPERATURE DETECTED
[2026-04-17 10:06:10] WARNING: High Temperature
[2026-04-17 10:06:11] HIGH TEMPERATURE DETECTED
[2026-04-17 10:06:11] WARNING: High Temperature
[2026-04-17 10:06:12] HIGH TEMPERATURE DETECTED
[2026-04-17 10:06:12] WARNING: High Temperature
[2026-04-17 10:06:14] HIGH TEMPERATURE DETECTED
[2026-04-17 10:06:14] WARNING: High Temperature
[2026-04-17 10:06:15] HIGH TEMPERATURE DETECTED
[2026-04-17 10:06:15] WARNING: High Temperature
[2026-04-17 10:06:16] HIGH TEMPERATURE DETECTED
[2026-04-17 10:06:16] WARNING: High Temperature
[2026-04-17 10:06:18] HIGH TEMPERATURE DETECTED
[2026-04-17 10:06:18] WARNING: High Temperature
[2026-04-17 10:06:21] HIGH TEMPERATURE DETECTED
[2026-04-17 10:06:21] WARNING: High Temperature
[2026-04-17 10:06:23] HIGH TEMPERATURE DETECTED
[2026-04-17 10:06:23] WARNING: High Temperature
[2026-04-17 10:06:25] HIGH TEMPERATURE DETECTED
[2026-04-17 10:06:25] WARNING: High Temperature
[2026-04-17 10:06:29] HIGH TEMPERATURE DETECTED
[2026-04-17 10:06:30] WARNING: High Temperature
[2026-04-17 10:06:31] HIGH TEMPERATURE DETECTED
[2026-04-17 10:06:31] WARNING: High Temperature
[2026-04-17 10:06:32] HIGH TEMPERATURE DETECTED
[2026-04-17 10:06:32] WARNING: High Temperature
[2026-04-17 10:06:33] HIGH TEMPERATURE DETECTED
[2026-04-17 10:06:33] WARNING: High Temperature
[2026-04-17 10:06:34] HIGH TEMPERATURE DETECTED
[2026-04-17 10:06:34] WARNING: High Temperature
[2026-04-17 10:06:35] HIGH TEMPERATURE DETECTED
[2026-04-17 10:06:35] WARNING: High Temperature
[2026-04-17 10:06:36] HIGH TEMPERATURE DETECTED
[2026-04-17 10:06:36] WARNING: High Temperature
[2026-04-17 10:06:37] HIGH TEMPERATURE DETECTED
[2026-04-17 10:06:37] WARNING: High Temperature
[2026-04-17 10:06:38] HIGH TEMPERATURE DETECTED
[2026-04-17 10:06:38] WARNING: High Temperature
[2026-04-17 10:06:39] HIGH TEMPERATURE DETECTED
[2026-04-17 10:06:39] WARNING: High Temperature
[2026-04-17 10:06:40] HIGH TEMPERATURE DETECTED
[2026-04-17 10:06:40] WARNING: High Temperature
[2026-04-17 10:06:41] HIGH TEMPERATURE DETECTED
[2026-04-17 10:06:41] WARNING: High Temperature
[2026-04-17 10:06:42] HIGH TEMPERATURE DETECTED
[2026-04-17 10:06:42] WARNING: High Temperature
[2026-04-17 10:06:43] HIGH TEMPERATURE DETECTED
[2026-04-17 10:06:43] WARNING: High Temperature
[2026-04-17 10:06:44] HIGH TEMPERATURE DETECTED
[2026-04-17 10:06:44] WARNING: High Temperature
[2026-04-17 10:06:46] HIGH TEMPERATURE DETECTED
[2026-04-17 10:06:46] WARNING: High Temperature
[2026-04-17 10:06:47] HIGH TEMPERATURE DETECTED
[2026-04-17 10:06:47] WARNING: High Temperature
[2026-04-17 10:06:48] HIGH TEMPERATURE DETECTED
[2026-04-17 10:06:48] WARNING: High Temperature
[2026-04-17 10:06:49] HIGH TEMPERATURE DETECTED
[2026-04-17 10:06:49] WARNING: High Temperature
[2026-04-17 10:06:51] HIGH TEMPERATURE DETECTED
[2026-04-17 10:06:51] WARNING: High Temperature
[2026-04-17 10:06:53] HIGH TEMPERATURE DETECTED
[2026-04-17 10:06:53] WARNING: High Temperature
[2026-04-17 10:06:54] HIGH TEMPERATURE DETECTED
[2026-04-17 10:06:54] WARNING: High Temperature
[2026-04-17 10:06:56] HIGH TEMPERATURE DETECTED
[2026-04-17 10:06:56] WARNING: High Temperature
[2026-04-17 10:06:57] HIGH TEMPERATURE DETECTED
[2026-04-17 10:06:57] WARNING: High Temperature
[2026-04-17 10:06:58] HIGH TEMPERATURE DETECTED
[2026-04-17 10:06:58] WARNING: High Temperature
[2026-04-17 10:07:00] HIGH TEMPERATURE DETECTED
[2026-04-17 10:07:00] WARNING: High Temperature
[2026-04-17 10:07:06] HIGH TEMPERATURE DETECTED
[2026-04-17 10:07:06] WARNING: High Temperature
[2026-04-17 10:07:08] HIGH TEMPERATURE DETECTED
[2026-04-17 10:07:08] WARNING: High Temperature
[2026-04-17 10:07:08] LOCKED - 100 Errors Reached
[2026-04-17 10:08:31] HIGH TEMPERATURE DETECTED
[2026-04-17 10:24:44] HIGH TEMPERATURE DETECTED
[2026-04-17 10:26:07] WARNING: High Temperature
[2026-04-17 10:26:08] HIGH TEMPERATURE DETECTED
[2026-04-17 10:26:08] WARNING: High Temperature
[2026-04-17 10:26:09] HIGH TEMPERATURE DETECTED
[2026-04-17 10:26:09] WARNING: High Temperature
[2026-04-17 10:26:10] HIGH TEMPERATURE DETECTED
[2026-04-17 10:26:10] WARNING: High Temperature
[2026-04-17 10:26:11] HIGH TEMPERATURE DETECTED
[2026-04-17 10:26:11] WARNING: High Temperature
[2026-04-17 10:26:12] HIGH TEMPERATURE DETECTED
[2026-04-17 10:26:12] WARNING: High Temperature
[2026-04-17 10:26:13] HIGH TEMPERATURE DETECTED
[2026-04-17 10:26:13] WARNING: High Temperature
[2026-04-17 10:26:15] HIGH TEMPERATURE DETECTED
[2026-04-17 10:26:15] WARNING: High Temperature
[2026-04-17 10:26:16] HIGH TEMPERATURE DETECTED
[2026-04-17 10:26:16] WARNING: High Temperature
[2026-04-17 10:26:18] HIGH TEMPERATURE DETECTED
[2026-04-17 10:26:18] WARNING: High Temperature
[2026-04-17 10:26:19] HIGH TEMPERATURE DETECTED
[2026-04-17 10:26:19] WARNING: High Temperature
[2026-04-17 10:26:21] HIGH TEMPERATURE DETECTED
[2026-04-17 10:26:21] WARNING: High Temperature
[2026-04-17 10:26:22] HIGH TEMPERATURE DETECTED
[2026-04-17 10:26:22] WARNING: High Temperature
[2026-04-17 10:26:28] HIGH TEMPERATURE DETECTED
[2026-04-17 10:26:28] WARNING: High Temperature
[2026-04-17 10:26:29] HIGH TEMPERATURE DETECTED
[2026-04-17 10:26:29] WARNING: High Temperature
[2026-04-17 10:26:31] HIGH TEMPERATURE DETECTED
[2026-04-17 10:26:31] WARNING: High Temperature
[2026-04-17 10:26:32] HIGH TEMPERATURE DETECTED
[2026-04-17 10:26:32] WARNING: High Temperature
[2026-04-17 10:26:37] HIGH TEMPERATURE DETECTED
[2026-04-17 10:26:37] WARNING: High Temperature
[2026-04-17 10:26:38] HIGH TEMPERATURE DETECTED
[2026-04-17 10:26:38] WARNING: High Temperature
[2026-04-17 10:26:41] HIGH TEMPERATURE DETECTED
[2026-04-17 10:26:41] WARNING: High Temperature
[2026-04-17 10:26:42] HIGH TEMPERATURE DETECTED
[2026-04-17 10:26:42] WARNING: High Temperature
[2026-04-17 10:26:43] HIGH TEMPERATURE DETECTED
[2026-04-17 10:26:43] WARNING: High Temperature
[2026-04-17 10:26:44] HIGH TEMPERATURE DETECTED
[2026-04-17 10:26:44] WARNING: High Temperature
[2026-04-17 10:26:45] HIGH TEMPERATURE DETECTED
[2026-04-17 10:26:45] WARNING: High Temperature
[2026-04-17 10:26:46] HIGH TEMPERATURE DETECTED
[2026-04-17 10:26:46] WARNING: High Temperature
[2026-04-17 10:26:47] HIGH TEMPERATURE DETECTED
[2026-04-17 10:26:47] WARNING: High Temperature
[2026-04-17 10:26:48] HIGH TEMPERATURE DETECTED
[2026-04-17 10:26:48] WARNING: High Temperature
[2026-04-17 10:26:50] HIGH TEMPERATURE DETECTED
[2026-04-17 10:26:50] WARNING: High Temperature
[2026-04-17 10:26:51] HIGH TEMPERATURE DETECTED
[2026-04-17 10:26:51] WARNING: High Temperature
[2026-04-17 10:26:53] HIGH TEMPERATURE DETECTED
[2026-04-17 10:26:53] WARNING: High Temperature
[2026-04-17 10:26:55] HIGH TEMPERATURE DETECTED
[2026-04-17 10:26:55] WARNING: High Temperature
[2026-04-17 10:26:58] HIGH TEMPERATURE DETECTED
[2026-04-17 10:26:58] WARNING: High Temperature
[2026-04-17 10:27:01] HIGH TEMPERATURE DETECTED
[2026-04-17 10:27:01] WARNING: High Temperature
[2026-04-17 10:27:02] HIGH TEMPERATURE DETECTED
[2026-04-17 10:27:02] WARNING: High Temperature
[2026-04-17 10:27:04] HIGH TEMPERATURE DETECTED
[2026-04-17 10:27:04] WARNING: High Temperature
[2026-04-17 10:27:06] HIGH TEMPERATURE DETECTED
[2026-04-17 10:27:06] WARNING: High Temperature
[2026-04-17 10:27:07] HIGH TEMPERATURE DETECTED
[2026-04-17 10:27:07] WARNING: High Temperature
[2026-04-17 10:27:09] HIGH TEMPERATURE DETECTED
[2026-04-17 10:27:09] WARNING: High Temperature
[2026-04-17 10:27:12] HIGH TEMPERATURE DETECTED
[2026-04-17 10:27:12] WARNING: High Temperature
[2026-04-17 10:27:13] HIGH TEMPERATURE DETECTED
[2026-04-17 10:27:13] WARNING: High Temperature
[2026-04-17 10:27:15] HIGH TEMPERATURE DETECTED
[2026-04-17 10:27:15] WARNING: High Temperature
[2026-04-17 10:27:16] HIGH TEMPERATURE DETECTED
[2026-04-17 10:27:16] WARNING: High Temperature
[2026-04-17 10:27:18] HIGH TEMPERATURE DETECTED
[2026-04-17 10:27:18] WARNING: High Temperature
[2026-04-17 10:27:19] HIGH TEMPERATURE DETECTED
[2026-04-17 10:27:19] WARNING: High Temperature
[2026-04-17 10:27:26] HIGH TEMPERATURE DETECTED
[2026-04-17 10:27:26] WARNING: High Temperature
[2026-04-17 10:27:29] HIGH TEMPERATURE DETECTED
[2026-04-17 10:27:29] WARNING: High Temperature
[2026-04-17 10:27:31] HIGH TEMPERATURE DETECTED
[2026-04-17 10:27:31] WARNING: High Temperature
[2026-04-17 10:27:32] HIGH TEMPERATURE DETECTED
[2026-04-17 10:27:32] WARNING: High Temperature
[2026-04-17 10:27:34] HIGH TEMPERATURE DETECTED
[2026-04-17 10:27:34] WARNING: High Temperature
[2026-04-17 10:27:35] HIGH TEMPERATURE DETECTED
[2026-04-17 10:27:35] WARNING: High Temperature
[2026-04-17 10:27:36] HIGH TEMPERATURE DETECTED
[2026-04-17 10:27:36] WARNING: High Temperature
[2026-04-17 10:27:36] LOCKED - 100 Errors Reached
[2026-04-17 10:27:42] HIGH TEMPERATURE DETECTED
[2026-04-17 10:32:05] WARNING: High Temperature
[2026-04-17 10:32:06] HIGH TEMPERATURE DETECTED
[2026-04-17 10:32:06] WARNING: High Temperature
[2026-04-17 10:32:07] HIGH TEMPERATURE DETECTED
[2026-04-17 10:32:07] WARNING: High Temperature
[2026-04-17 10:32:08] HIGH TEMPERATURE DETECTED
[2026-04-17 10:32:08] WARNING: High Temperature
[2026-04-17 10:32:09] HIGH TEMPERATURE DETECTED
[2026-04-17 10:32:09] WARNING: High Temperature
[2026-04-17 10:32:10] HIGH TEMPERATURE DETECTED
[2026-04-17 10:32:10] WARNING: High Temperature
[2026-04-17 10:32:11] HIGH TEMPERATURE DETECTED
[2026-04-17 10:32:11] WARNING: High Temperature
[2026-04-17 10:32:13] HIGH TEMPERATURE DETECTED
[2026-04-17 10:32:13] WARNING: High Temperature
[2026-04-17 10:32:15] HIGH TEMPERATURE DETECTED
[2026-04-17 10:32:15] WARNING: High Temperature
[2026-04-17 10:32:19] HIGH TEMPERATURE DETECTED
[2026-04-17 10:32:19] WARNING: High Temperature
[2026-04-17 10:32:25] HIGH TEMPERATURE DETECTED
[2026-04-17 10:32:25] WARNING: High Temperature
[2026-04-17 10:32:28] HIGH TEMPERATURE DETECTED
[2026-04-17 10:32:28] WARNING: High Temperature
[2026-04-17 10:32:30] HIGH TEMPERATURE DETECTED
[2026-04-17 10:32:30] WARNING: High Temperature
[2026-04-17 10:32:31] HIGH TEMPERATURE DETECTED
[2026-04-17 10:32:31] WARNING: High Temperature
[2026-04-17 10:32:35] HIGH TEMPERATURE DETECTED
[2026-04-17 10:32:35] WARNING: High Temperature
[2026-04-17 10:32:36] HIGH TEMPERATURE DETECTED
[2026-04-17 10:32:36] WARNING: High Temperature
[2026-04-17 10:32:37] HIGH TEMPERATURE DETECTED
[2026-04-17 10:32:37] WARNING: High Temperature
[2026-04-17 10:32:40] HIGH TEMPERATURE DETECTED
[2026-04-17 10:32:40] WARNING: High Temperature
[2026-04-17 10:32:41] HIGH TEMPERATURE DETECTED
[2026-04-17 10:32:41] WARNING: High Temperature
[2026-04-17 10:32:42] HIGH TEMPERATURE DETECTED
[2026-04-17 10:32:42] WARNING: High Temperature
[2026-04-17 10:32:43] HIGH TEMPERATURE DETECTED
[2026-04-17 10:32:43] WARNING: High Temperature
[2026-04-17 10:32:44] HIGH TEMPERATURE DETECTED
[2026-04-17 10:32:44] WARNING: High Temperature
[2026-04-17 10:32:45] HIGH TEMPERATURE DETECTED
[2026-04-17 10:32:45] WARNING: High Temperature
[2026-04-17 10:32:48] HIGH TEMPERATURE DETECTED
[2026-04-17 10:32:48] WARNING: High Temperature
[2026-04-17 10:32:49] HIGH TEMPERATURE DETECTED
[2026-04-17 10:32:49] WARNING: High Temperature
[2026-04-17 10:32:52] HIGH TEMPERATURE DETECTED
[2026-04-17 10:32:52] WARNING: High Temperature
[2026-04-17 10:32:56] HIGH TEMPERATURE DETECTED
[2026-04-17 10:32:56] WARNING: High Temperature
[2026-04-17 10:32:59] HIGH TEMPERATURE DETECTED
[2026-04-17 10:32:59] WARNING: High Temperature
[2026-04-17 10:33:01] HIGH TEMPERATURE DETECTED
[2026-04-17 10:33:01] WARNING: High Temperature
[2026-04-17 10:33:04] HIGH TEMPERATURE DETECTED
[2026-04-17 10:33:04] WARNING: High Temperature
[2026-04-17 10:33:05] HIGH TEMPERATURE DETECTED
[2026-04-17 10:33:05] WARNING: High Temperature
[2026-04-17 10:33:07] HIGH TEMPERATURE DETECTED
[2026-04-17 10:33:07] WARNING: High Temperature
[2026-04-17 10:33:08] HIGH TEMPERATURE DETECTED
[2026-04-17 10:33:08] WARNING: High Temperature
[2026-04-17 10:33:09] HIGH TEMPERATURE DETECTED
[2026-04-17 10:33:09] WARNING: High Temperature
[2026-04-17 10:33:10] HIGH TEMPERATURE DETECTED
[2026-04-17 10:33:10] WARNING: High Temperature
[2026-04-17 10:33:11] HIGH TEMPERATURE DETECTED
[2026-04-17 10:33:11] WARNING: High Temperature
[2026-04-17 10:33:14] HIGH TEMPERATURE DETECTED
[2026-04-17 10:33:14] WARNING: High Temperature
[2026-04-17 10:33:16] HIGH TEMPERATURE DETECTED
[2026-04-17 10:33:16] WARNING: High Temperature
[2026-04-17 10:33:18] HIGH TEMPERATURE DETECTED
[2026-04-17 10:33:18] WARNING: High Temperature
[2026-04-17 10:33:20] HIGH TEMPERATURE DETECTED
[2026-04-17 10:33:20] WARNING: High Temperature
[2026-04-17 10:33:21] HIGH TEMPERATURE DETECTED
[2026-04-17 10:33:21] WARNING: High Temperature
[2026-04-17 10:33:22] HIGH TEMPERATURE DETECTED
[2026-04-17 10:33:22] WARNING: High Temperature
[2026-04-17 10:33:23] HIGH TEMPERATURE DETECTED
[2026-04-17 10:33:23] WARNING: High Temperature
[2026-04-17 10:33:25] HIGH TEMPERATURE DETECTED
[2026-04-17 10:33:25] WARNING: High Temperature
[2026-04-17 10:33:27] HIGH TEMPERATURE DETECTED
[2026-04-17 10:33:27] WARNING: High Temperature
[2026-04-17 10:33:30] HIGH TEMPERATURE DETECTED
[2026-04-17 10:33:30] WARNING: High Temperature
[2026-04-17 10:33:32] HIGH TEMPERATURE DETECTED
[2026-04-17 10:33:32] WARNING: High Temperature
[2026-04-17 10:33:33] HIGH TEMPERATURE DETECTED
[2026-04-17 10:33:33] WARNING: High Temperature
[2026-04-17 10:33:34] HIGH TEMPERATURE DETECTED
[2026-04-17 10:33:34] WARNING: High Temperature
[2026-04-17 10:33:35] HIGH TEMPERATURE DETECTED
[2026-04-17 10:33:35] WARNING: High Temperature
[2026-04-17 10:33:36] HIGH TEMPERATURE DETECTED
[2026-04-17 10:33:36] WARNING: High Temperature
[2026-04-17 10:33:36] LOCKED - 100 Errors Reached
[2026-04-17 10:35:08] HIGH TEMPERATURE DETECTED
[2026-04-17 10:40:54] HIGH TEMPERATURE DETECTED
[2026-04-17 10:42:09] WARNING: High Temperature
[2026-04-17 10:42:10] HIGH TEMPERATURE DETECTED
[2026-04-17 10:42:10] WARNING: High Temperature
[2026-04-17 10:42:11] HIGH TEMPERATURE DETECTED
[2026-04-17 10:42:11] WARNING: High Temperature
[2026-04-17 10:42:13] HIGH TEMPERATURE DETECTED
[2026-04-17 10:42:13] WARNING: High Temperature
[2026-04-17 10:42:14] HIGH TEMPERATURE DETECTED
[2026-04-17 10:42:14] WARNING: High Temperature
[2026-04-17 10:42:15] HIGH TEMPERATURE DETECTED
[2026-04-17 10:42:15] WARNING: High Temperature
[2026-04-17 10:42:16] HIGH TEMPERATURE DETECTED
[2026-04-17 10:42:16] WARNING: High Temperature
[2026-04-17 10:42:18] HIGH TEMPERATURE DETECTED
[2026-04-17 10:42:18] WARNING: High Temperature
[2026-04-17 10:42:19] HIGH TEMPERATURE DETECTED
[2026-04-17 10:42:19] WARNING: High Temperature
[2026-04-17 10:42:20] HIGH TEMPERATURE DETECTED
[2026-04-17 10:42:20] WARNING: High Temperature
[2026-04-17 10:42:21] HIGH TEMPERATURE DETECTED
[2026-04-17 10:42:21] WARNING: High Temperature
[2026-04-17 10:42:22] HIGH TEMPERATURE DETECTED
[2026-04-17 10:42:22] WARNING: High Temperature
[2026-04-17 10:42:23] HIGH TEMPERATURE DETECTED
[2026-04-17 10:42:23] WARNING: High Temperature
[2026-04-17 10:42:26] HIGH TEMPERATURE DETECTED
[2026-04-17 10:42:26] WARNING: High Temperature
[2026-04-17 10:42:27] HIGH TEMPERATURE DETECTED
[2026-04-17 10:42:27] WARNING: High Temperature
[2026-04-17 10:42:28] HIGH TEMPERATURE DETECTED
[2026-04-17 10:42:28] WARNING: High Temperature
[2026-04-17 10:42:33] HIGH TEMPERATURE DETECTED
[2026-04-17 10:42:33] WARNING: High Temperature
[2026-04-17 10:42:35] HIGH TEMPERATURE DETECTED
[2026-04-17 10:42:35] WARNING: High Temperature
[2026-04-17 10:42:37] HIGH TEMPERATURE DETECTED
[2026-04-17 10:42:37] WARNING: High Temperature
[2026-04-17 10:42:39] HIGH TEMPERATURE DETECTED
[2026-04-17 10:42:39] WARNING: High Temperature
[2026-04-17 10:42:40] HIGH TEMPERATURE DETECTED
[2026-04-17 10:42:40] WARNING: High Temperature
[2026-04-17 10:42:41] HIGH TEMPERATURE DETECTED
[2026-04-17 10:42:41] WARNING: High Temperature
[2026-04-17 10:42:42] HIGH TEMPERATURE DETECTED
[2026-04-17 10:42:42] WARNING: High Temperature
[2026-04-17 10:42:43] HIGH TEMPERATURE DETECTED
[2026-04-17 10:42:43] WARNING: High Temperature
[2026-04-17 10:42:44] HIGH TEMPERATURE DETECTED
[2026-04-17 10:42:44] WARNING: High Temperature
[2026-04-17 10:42:45] HIGH TEMPERATURE DETECTED
[2026-04-17 10:42:45] WARNING: High Temperature
[2026-04-17 10:42:48] HIGH TEMPERATURE DETECTED
[2026-04-17 10:42:48] WARNING: High Temperature
[2026-04-17 10:42:49] HIGH TEMPERATURE DETECTED
[2026-04-17 10:42:49] WARNING: High Temperature
[2026-04-17 10:42:50] HIGH TEMPERATURE DETECTED
[2026-04-17 10:42:50] WARNING: High Temperature
[2026-04-17 10:42:52] HIGH TEMPERATURE DETECTED
[2026-04-17 10:42:52] WARNING: High Temperature
[2026-04-17 10:42:57] HIGH TEMPERATURE DETECTED
[2026-04-17 10:42:57] WARNING: High Temperature
[2026-04-17 10:42:58] HIGH TEMPERATURE DETECTED
[2026-04-17 10:42:58] WARNING: High Temperature
[2026-04-17 10:42:59] HIGH TEMPERATURE DETECTED
[2026-04-17 10:42:59] WARNING: High Temperature
[2026-04-17 10:43:00] HIGH TEMPERATURE DETECTED
[2026-04-17 10:43:00] WARNING: High Temperature
[2026-04-17 10:43:02] HIGH TEMPERATURE DETECTED
[2026-04-17 10:43:02] WARNING: High Temperature
[2026-04-17 10:43:03] HIGH TEMPERATURE DETECTED
[2026-04-17 10:43:03] WARNING: High Temperature
[2026-04-17 10:43:04] HIGH TEMPERATURE DETECTED
[2026-04-17 10:43:04] WARNING: High Temperature
[2026-04-17 10:43:06] HIGH TEMPERATURE DETECTED
[2026-04-17 10:43:06] WARNING: High Temperature
[2026-04-17 10:43:07] HIGH TEMPERATURE DETECTED
[2026-04-17 10:43:07] WARNING: High Temperature
[2026-04-17 10:43:09] HIGH TEMPERATURE DETECTED
[2026-04-17 10:43:09] WARNING: High Temperature
[2026-04-17 10:43:13] HIGH TEMPERATURE DETECTED
[2026-04-17 10:43:13] WARNING: High Temperature
[2026-04-17 10:43:15] HIGH TEMPERATURE DETECTED
[2026-04-17 10:43:15] WARNING: High Temperature
[2026-04-17 10:43:16] HIGH TEMPERATURE DETECTED
[2026-04-17 10:43:16] WARNING: High Temperature
[2026-04-17 10:43:17] HIGH TEMPERATURE DETECTED
[2026-04-17 10:43:17] WARNING: High Temperature
[2026-04-17 10:43:18] HIGH TEMPERATURE DETECTED
[2026-04-17 10:43:18] WARNING: High Temperature
[2026-04-17 10:43:19] HIGH TEMPERATURE DETECTED
[2026-04-17 10:43:19] WARNING: High Temperature
[2026-04-17 10:43:20] HIGH TEMPERATURE DETECTED
[2026-04-17 10:43:20] WARNING: High Temperature
[2026-04-17 10:43:21] HIGH TEMPERATURE DETECTED
[2026-04-17 10:43:21] WARNING: High Temperature
[2026-04-17 10:43:22] HIGH TEMPERATURE DETECTED
[2026-04-17 10:43:22] WARNING: High Temperature
[2026-04-17 10:43:23] HIGH TEMPERATURE DETECTED
[2026-04-17 10:43:23] WARNING: High Temperature
[2026-04-17 10:43:24] HIGH TEMPERATURE DETECTED
[2026-04-17 10:43:24] WARNING: High Temperature
[2026-04-17 10:43:24] LOCKED - 100 Errors Reached
[2026-04-17 10:43:53] HIGH TEMPERATURE DETECTED
[2026-04-17 13:24:35] HIGH TEMPERATURE DETECTED
[2026-04-17 15:39:31] HIGH TEMPERATURE DETECTED
[2026-04-17 15:43:41] WARNING: High Temperature
[2026-04-17 15:43:45] HIGH TEMPERATURE DETECTED
[2026-04-17 15:43:45] WARNING: High Temperature
[2026-04-17 15:43:52] HIGH TEMPERATURE DETECTED
[2026-04-17 15:43:52] WARNING: High Temperature
[2026-04-17 15:44:12] HIGH TEMPERATURE DETECTED
[2026-04-17 15:44:12] WARNING: High Temperature
[2026-04-17 15:44:15] HIGH TEMPERATURE DETECTED
[2026-04-17 15:44:15] WARNING: High Temperature
[2026-04-17 15:44:17] HIGH TEMPERATURE DETECTED
[2026-04-17 15:44:17] WARNING: High Temperature
[2026-04-17 15:44:19] HIGH TEMPERATURE DETECTED
[2026-04-17 15:44:19] WARNING: High Temperature
[2026-04-17 15:44:21] HIGH TEMPERATURE DETECTED
[2026-04-17 15:44:21] WARNING: High Temperature
[2026-04-17 15:44:37] HIGH TEMPERATURE DETECTED
[2026-04-17 15:44:37] WARNING: High Temperature
[2026-04-17 15:44:40] HIGH TEMPERATURE DETECTED
[2026-04-17 15:44:40] WARNING: High Temperature
[2026-04-17 15:44:42] HIGH TEMPERATURE DETECTED
[2026-04-17 15:44:42] WARNING: High Temperature
[2026-04-17 15:44:44] HIGH TEMPERATURE DETECTED
[2026-04-17 15:44:44] WARNING: High Temperature
[2026-04-17 15:44:55] HIGH TEMPERATURE DETECTED
[2026-04-17 15:44:55] WARNING: High Temperature
[2026-04-17 15:45:18] HIGH TEMPERATURE DETECTED
[2026-04-17 15:45:18] WARNING: High Temperature
[2026-04-17 15:45:26] HIGH TEMPERATURE DETECTED
[2026-04-17 15:45:26] WARNING: High Temperature
[2026-04-17 15:45:30] HIGH TEMPERATURE DETECTED
[2026-04-17 15:45:30] WARNING: High Temperature
[2026-04-17 15:45:31] HIGH TEMPERATURE DETECTED
[2026-04-17 15:45:31] WARNING: High Temperature
[2026-04-17 15:45:34] HIGH TEMPERATURE DETECTED
[2026-04-17 15:45:34] WARNING: High Temperature
[2026-04-17 15:45:35] HIGH TEMPERATURE DETECTED
[2026-04-17 15:45:35] WARNING: High Temperature
[2026-04-17 15:45:36] HIGH TEMPERATURE DETECTED
[2026-04-17 15:45:36] WARNING: High Temperature
[2026-04-17 15:45:39] HIGH TEMPERATURE DETECTED
[2026-04-17 15:45:39] WARNING: High Temperature
[2026-04-17 15:45:50] HIGH TEMPERATURE DETECTED
[2026-04-17 15:45:50] WARNING: High Temperature
[2026-04-17 15:45:51] HIGH TEMPERATURE DETECTED
[2026-04-17 15:45:51] WARNING: High Temperature
[2026-04-17 15:45:55] HIGH TEMPERATURE DETECTED
[2026-04-17 15:45:55] WARNING: High Temperature
[2026-04-17 15:45:57] HIGH TEMPERATURE DETECTED
[2026-04-17 15:45:57] WARNING: High Temperature
[2026-04-17 15:45:59] HIGH TEMPERATURE DETECTED
[2026-04-17 15:45:59] WARNING: High Temperature
[2026-04-17 15:46:00] HIGH TEMPERATURE DETECTED
[2026-04-17 15:46:00] WARNING: High Temperature
[2026-04-17 15:46:03] HIGH TEMPERATURE DETECTED
[2026-04-17 15:46:03] WARNING: High Temperature
[2026-04-17 15:46:09] HIGH TEMPERATURE DETECTED
[2026-04-17 15:46:09] WARNING: High Temperature
[2026-04-17 15:46:13] HIGH TEMPERATURE DETECTED
[2026-04-17 15:46:13] WARNING: High Temperature
[2026-04-17 15:46:18] HIGH TEMPERATURE DETECTED
[2026-04-17 15:46:18] WARNING: High Temperature
[2026-04-17 15:46:19] HIGH TEMPERATURE DETECTED
[2026-04-17 15:46:19] WARNING: High Temperature
[2026-04-17 15:46:28] HIGH TEMPERATURE DETECTED
[2026-04-17 15:46:28] WARNING: High Temperature
[2026-04-17 15:46:30] HIGH TEMPERATURE DETECTED
[2026-04-17 15:46:30] WARNING: High Temperature
[2026-04-17 15:46:34] HIGH TEMPERATURE DETECTED
[2026-04-17 15:46:34] WARNING: High Temperature
[2026-04-17 15:46:37] HIGH TEMPERATURE DETECTED
[2026-04-17 15:46:37] WARNING: High Temperature
[2026-04-17 15:46:56] HIGH TEMPERATURE DETECTED
[2026-04-17 15:46:56] WARNING: High Temperature
[2026-04-17 15:46:59] HIGH TEMPERATURE DETECTED
[2026-04-17 15:46:59] WARNING: High Temperature
[2026-04-17 15:47:00] HIGH TEMPERATURE DETECTED
[2026-04-17 15:47:00] WARNING: High Temperature
[2026-04-17 15:47:02] HIGH TEMPERATURE DETECTED
[2026-04-17 15:47:02] WARNING: High Temperature
[2026-04-17 15:47:03] HIGH TEMPERATURE DETECTED
[2026-04-17 15:47:03] WARNING: High Temperature
[2026-04-17 15:47:11] HIGH TEMPERATURE DETECTED
[2026-04-17 15:47:11] WARNING: High Temperature
[2026-04-17 15:47:14] HIGH TEMPERATURE DETECTED
[2026-04-17 15:47:14] WARNING: High Temperature
[2026-04-17 15:47:15] HIGH TEMPERATURE DETECTED
[2026-04-17 15:47:15] WARNING: High Temperature
[2026-04-17 15:47:20] HIGH TEMPERATURE DETECTED
[2026-04-17 15:47:20] WARNING: High Temperature
[2026-04-17 15:47:26] HIGH TEMPERATURE DETECTED
[2026-04-17 15:47:26] WARNING: High Temperature
[2026-04-17 15:47:27] HIGH TEMPERATURE DETECTED
[2026-04-17 15:47:27] WARNING: High Temperature
[2026-04-17 15:47:33] HIGH TEMPERATURE DETECTED
[2026-04-17 15:47:33] WARNING: High Temperature
[2026-04-17 15:47:39] HIGH TEMPERATURE DETECTED
[2026-04-17 15:47:39] WARNING: High Temperature
[2026-04-17 15:47:45] HIGH TEMPERATURE DETECTED
[2026-04-17 15:47:45] WARNING: High Temperature
[2026-04-17 15:47:46] HIGH TEMPERATURE DETECTED
[2026-04-17 15:47:46] WARNING: High Temperature
[2026-04-17 15:47:46] LOCKED - 100 Errors Reached
[2026-04-20 08:48:55] HIGH TEMPERATURE
[2026-04-20 08:48:56] HIGH TEMPERATURE
[2026-04-20 08:49:01] HIGH TEMPERATURE
[2026-04-20 08:49:02] HIGH TEMPERATURE
[2026-04-20 08:49:03] HIGH TEMPERATURE
[2026-04-20 08:49:04] HIGH TEMPERATURE
[2026-04-20 08:49:05] HIGH TEMPERATURE
[2026-04-20 08:49:06] HIGH TEMPERATURE
[2026-04-20 08:49:07] HIGH TEMPERATURE
[2026-04-20 08:49:08] HIGH TEMPERATURE
[2026-04-20 08:49:09] HIGH TEMPERATURE
[2026-04-20 08:49:10] HIGH TEMPERATURE
[2026-04-20 08:49:19] HIGH TEMPERATURE
[2026-04-20 08:49:20] HIGH TEMPERATURE
[2026-04-20 08:49:21] HIGH TEMPERATURE
[2026-04-20 08:49:22] HIGH TEMPERATURE
[2026-04-20 08:49:23] HIGH TEMPERATURE
[2026-04-20 08:49:24] HIGH TEMPERATURE
[2026-04-20 08:49:25] HIGH TEMPERATURE
[2026-04-20 08:49:29] HIGH TEMPERATURE
[2026-04-20 08:49:30] HIGH TEMPERATURE
[2026-04-20 08:49:31] HIGH TEMPERATURE
[2026-04-20 08:49:32] HIGH TEMPERATURE
[2026-04-20 08:49:33] HIGH TEMPERATURE
[2026-04-20 08:49:34] HIGH TEMPERATURE
[2026-04-20 08:49:39] HIGH TEMPERATURE
[2026-04-20 08:56:34] HIGH TEMPERATURE DETECTED
[2026-04-20 09:12:19] COMMAND: START
[2026-04-20 09:16:33] COMMAND: START
[2026-04-20 09:16:33] STATE CHANGE:  -> RUN
[2026-04-20 09:16:35] HIGH TEMPERATURE
[2026-04-20 09:16:35] STATE CHANGE: RUN -> ERROR
[2026-04-20 09:16:36] HIGH TEMPERATURE
[2026-04-20 09:16:37] HIGH TEMPERATURE
[2026-04-20 09:16:38] HIGH TEMPERATURE
[2026-04-20 09:16:39] HIGH TEMPERATURE
[2026-04-20 09:16:40] HIGH TEMPERATURE
[2026-04-20 09:16:48] HIGH TEMPERATURE
[2026-04-20 09:16:48] COMMAND: RESET
[2026-04-20 09:16:48] SYSTEM RESET
[2026-04-20 09:16:48] COMMAND: RESET
[2026-04-20 09:16:48] SYSTEM RESET
[2026-04-20 09:16:48] COMMAND: RESET
[2026-04-20 09:16:48] SYSTEM RESET
[2026-04-20 09:16:48] COMMAND: STOP
[2026-04-20 09:16:48] COMMAND: START
[2026-04-20 09:16:49] HIGH TEMPERATURE
[2026-04-20 09:16:50] HIGH TEMPERATURE
[2026-04-20 09:16:51] HIGH TEMPERATURE
[2026-04-20 09:16:52] HIGH TEMPERATURE
[2026-04-20 09:16:53] HIGH TEMPERATURE
[2026-04-20 09:16:54] HIGH TEMPERATURE
[2026-04-20 09:16:55] HIGH TEMPERATURE
[2026-04-20 09:16:56] HIGH TEMPERATURE
[2026-04-20 09:16:57] HIGH TEMPERATURE
[2026-04-20 09:16:58] HIGH TEMPERATURE
[2026-04-20 09:16:59] HIGH TEMPERATURE
[2026-04-20 09:17:05] HIGH TEMPERATURE
[2026-04-20 09:17:06] HIGH TEMPERATURE
[2026-04-20 09:17:07] HIGH TEMPERATURE
[2026-04-20 09:17:08] HIGH TEMPERATURE
[2026-04-20 09:17:09] HIGH TEMPERATURE
[2026-04-20 09:17:10] HIGH TEMPERATURE
[2026-04-20 09:17:11] HIGH TEMPERATURE
[2026-04-20 09:17:12] HIGH TEMPERATURE
[2026-04-20 09:17:17] HIGH TEMPERATURE
[2026-04-20 09:17:18] HIGH TEMPERATURE
[2026-04-20 09:17:19] HIGH TEMPERATURE
[2026-04-20 09:17:20] HIGH TEMPERATURE
[2026-04-20 09:17:21] HIGH TEMPERATURE
[2026-04-20 09:17:22] HIGH TEMPERATURE
[2026-04-20 09:17:23] HIGH TEMPERATURE
[2026-04-20 09:17:24] HIGH TEMPERATURE
[2026-04-20 09:17:25] HIGH TEMPERATURE
[2026-04-20 09:17:26] HIGH TEMPERATURE
[2026-04-20 09:17:27] HIGH TEMPERATURE
[2026-04-20 09:17:28] HIGH TEMPERATURE
[2026-04-20 09:17:35] HIGH TEMPERATURE
[2026-04-20 09:17:36] HIGH TEMPERATURE
[2026-04-20 09:17:37] HIGH TEMPERATURE
[2026-04-20 09:17:38] HIGH TEMPERATURE
[2026-04-20 09:17:39] HIGH TEMPERATURE
[2026-04-20 09:17:40] HIGH TEMPERATURE
[2026-04-20 09:17:41] HIGH TEMPERATURE
[2026-04-20 09:17:42] HIGH TEMPERATURE
[2026-04-20 09:17:43] HIGH TEMPERATURE
[2026-04-20 09:17:44] HIGH TEMPERATURE
[2026-04-20 09:17:45] HIGH TEMPERATURE
[2026-04-20 09:17:46] HIGH TEMPERATURE
[2026-04-20 09:17:47] HIGH TEMPERATURE
[2026-04-20 09:17:48] HIGH TEMPERATURE
[2026-04-20 09:17:49] HIGH TEMPERATURE
[2026-04-20 09:17:50] HIGH TEMPERATURE
[2026-04-20 09:17:51] HIGH TEMPERATURE
[2026-04-20 09:17:52] HIGH TEMPERATURE
[2026-04-20 09:17:53] HIGH TEMPERATURE
[2026-04-20 09:17:54] HIGH TEMPERATURE
[2026-04-20 09:17:55] HIGH TEMPERATURE
[2026-04-20 09:17:56] HIGH TEMPERATURE
[2026-04-20 09:17:57] HIGH TEMPERATURE
[2026-04-20 09:17:58] HIGH TEMPERATURE
[2026-04-20 09:17:59] HIGH TEMPERATURE
[2026-04-20 09:18:00] HIGH TEMPERATURE
[2026-04-20 09:18:01] HIGH TEMPERATURE
[2026-04-20 09:18:08] HIGH TEMPERATURE
[2026-04-20 09:18:09] HIGH TEMPERATURE
[2026-04-20 09:18:10] HIGH TEMPERATURE
[2026-04-20 09:18:11] HIGH TEMPERATURE
[2026-04-20 09:18:12] HIGH TEMPERATURE
[2026-04-20 09:18:14] HIGH TEMPERATURE
[2026-04-20 09:18:15] HIGH TEMPERATURE
[2026-04-20 09:18:16] HIGH TEMPERATURE
[2026-04-20 09:18:17] HIGH TEMPERATURE
[2026-04-20 09:18:18] HIGH TEMPERATURE
[2026-04-20 09:18:19] HIGH TEMPERATURE
[2026-04-20 09:18:20] HIGH TEMPERATURE
[2026-04-20 09:18:21] HIGH TEMPERATURE
[2026-04-20 09:18:22] HIGH TEMPERATURE
[2026-04-20 09:18:23] HIGH TEMPERATURE
[2026-04-20 09:18:24] HIGH TEMPERATURE
[2026-04-20 10:37:13] HIGH TEMPERATURE DETECTED
[2026-04-20 10:42:02] WARNING: High Temperature
[2026-04-20 10:42:04] HIGH TEMPERATURE DETECTED
[2026-04-20 10:42:04] WARNING: High Temperature
[2026-04-20 10:42:09] HIGH TEMPERATURE DETECTED
[2026-04-20 10:42:09] WARNING: High Temperature
[2026-04-20 10:42:33] HIGH TEMPERATURE DETECTED
[2026-04-20 10:42:33] WARNING: High Temperature
[2026-04-20 10:42:42] HIGH TEMPERATURE DETECTED
[2026-04-20 10:42:42] WARNING: High Temperature
[2026-04-20 10:42:47] HIGH TEMPERATURE DETECTED
[2026-04-20 10:42:47] WARNING: High Temperature
[2026-04-20 10:42:50] HIGH TEMPERATURE DETECTED
[2026-04-20 10:42:50] WARNING: High Temperature
[2026-04-20 10:42:54] HIGH TEMPERATURE DETECTED
[2026-04-20 10:42:54] WARNING: High Temperature
[2026-04-20 10:43:01] HIGH TEMPERATURE DETECTED
[2026-04-20 10:43:01] WARNING: High Temperature
[2026-04-20 10:43:06] HIGH TEMPERATURE DETECTED
[2026-04-20 10:43:06] WARNING: High Temperature
[2026-04-20 10:43:07] HIGH TEMPERATURE DETECTED
[2026-04-20 10:43:07] WARNING: High Temperature
[2026-04-20 10:43:09] HIGH TEMPERATURE DETECTED
[2026-04-20 10:43:09] WARNING: High Temperature
[2026-04-20 10:43:10] HIGH TEMPERATURE DETECTED
[2026-04-20 10:43:10] WARNING: High Temperature
[2026-04-20 10:43:15] HIGH TEMPERATURE DETECTED
[2026-04-20 10:43:15] WARNING: High Temperature
[2026-04-20 10:43:20] HIGH TEMPERATURE DETECTED
[2026-04-20 10:43:20] WARNING: High Temperature
[2026-04-20 10:43:25] HIGH TEMPERATURE DETECTED
[2026-04-20 10:43:25] WARNING: High Temperature
[2026-04-20 10:43:28] HIGH TEMPERATURE DETECTED
[2026-04-20 10:43:28] WARNING: High Temperature
[2026-04-20 10:43:29] HIGH TEMPERATURE DETECTED
[2026-04-20 10:43:29] WARNING: High Temperature
[2026-04-20 10:43:37] HIGH TEMPERATURE DETECTED
[2026-04-20 10:43:37] WARNING: High Temperature
[2026-04-20 10:43:38] HIGH TEMPERATURE DETECTED
[2026-04-20 10:43:38] WARNING: High Temperature
[2026-04-20 10:43:44] HIGH TEMPERATURE DETECTED
[2026-04-20 10:43:44] WARNING: High Temperature
[2026-04-20 10:43:48] HIGH TEMPERATURE DETECTED
[2026-04-20 10:43:48] WARNING: High Temperature
[2026-04-20 10:43:51] HIGH TEMPERATURE DETECTED
[2026-04-20 10:43:51] WARNING: High Temperature
[2026-04-20 10:43:52] HIGH TEMPERATURE DETECTED
[2026-04-20 10:43:52] WARNING: High Temperature
[2026-04-20 10:44:02] HIGH TEMPERATURE DETECTED
[2026-04-20 10:44:02] WARNING: High Temperature
[2026-04-20 10:44:07] HIGH TEMPERATURE DETECTED
[2026-04-20 10:44:07] WARNING: High Temperature
[2026-04-20 10:44:15] HIGH TEMPERATURE DETECTED
[2026-04-20 10:44:15] WARNING: High Temperature
[2026-04-20 10:44:16] HIGH TEMPERATURE DETECTED
[2026-04-20 10:44:16] WARNING: High Temperature
[2026-04-20 10:44:24] HIGH TEMPERATURE DETECTED
[2026-04-20 10:44:24] WARNING: High Temperature
[2026-04-20 10:44:26] HIGH TEMPERATURE DETECTED
[2026-04-20 10:44:26] WARNING: High Temperature
[2026-04-20 10:44:28] HIGH TEMPERATURE DETECTED
[2026-04-20 10:44:28] WARNING: High Temperature
[2026-04-20 10:44:38] HIGH TEMPERATURE DETECTED
[2026-04-20 10:44:38] WARNING: High Temperature
[2026-04-20 10:44:51] HIGH TEMPERATURE DETECTED
[2026-04-20 10:44:51] WARNING: High Temperature
[2026-04-20 10:44:56] HIGH TEMPERATURE DETECTED
[2026-04-20 10:44:56] WARNING: High Temperature
[2026-04-20 10:44:58] HIGH TEMPERATURE DETECTED
[2026-04-20 10:44:58] WARNING: High Temperature
[2026-04-20 10:44:59] HIGH TEMPERATURE DETECTED
[2026-04-20 10:44:59] WARNING: High Temperature
[2026-04-20 10:45:02] HIGH TEMPERATURE DETECTED
[2026-04-20 10:45:02] WARNING: High Temperature
[2026-04-20 10:45:05] HIGH TEMPERATURE DETECTED
[2026-04-20 10:45:05] WARNING: High Temperature
[2026-04-20 10:45:08] HIGH TEMPERATURE DETECTED
[2026-04-20 10:45:08] WARNING: High Temperature
[2026-04-20 10:45:09] HIGH TEMPERATURE DETECTED
[2026-04-20 10:45:09] WARNING: High Temperature
[2026-04-20 10:45:17] HIGH TEMPERATURE DETECTED
[2026-04-20 10:45:17] WARNING: High Temperature
[2026-04-20 10:46:01] HIGH TEMPERATURE DETECTED
[2026-04-20 10:46:01] WARNING: High Temperature
[2026-04-20 10:46:05] HIGH TEMPERATURE DETECTED
[2026-04-20 10:46:05] WARNING: High Temperature
[2026-04-20 10:46:08] HIGH TEMPERATURE DETECTED
[2026-04-20 10:46:08] WARNING: High Temperature
[2026-04-20 10:46:14] HIGH TEMPERATURE DETECTED
[2026-04-20 10:46:14] WARNING: High Temperature
[2026-04-20 10:46:16] HIGH TEMPERATURE DETECTED
[2026-04-20 10:46:16] WARNING: High Temperature
[2026-04-20 10:46:17] HIGH TEMPERATURE DETECTED
[2026-04-20 10:46:17] WARNING: High Temperature
[2026-04-20 10:46:27] HIGH TEMPERATURE DETECTED
[2026-04-20 10:46:27] WARNING: High Temperature
[2026-04-20 10:46:56] HIGH TEMPERATURE DETECTED
[2026-04-20 12:09:29] HIGH TEMPERATURE DETECTED
[2026-04-20 12:18:55] LOCKED - 100 Errors Reached
[2026-04-20 13:15:46] HIGH TEMPERATURE DETECTED
[2026-04-20 13:48:46] HIGH TEMPERATURE DETECTED
[2026-04-20 13:57:20] HIGH TEMPERATURE DETECTED
[2026-04-20 14:01:48] WARNING: High Temperature
[2026-04-20 14:01:50] HIGH TEMPERATURE DETECTED
[2026-04-20 14:01:50] WARNING: High Temperature
[2026-04-20 14:01:51] HIGH TEMPERATURE DETECTED
[2026-04-20 14:01:51] WARNING: High Temperature
[2026-04-20 14:01:54] HIGH TEMPERATURE DETECTED
[2026-04-20 14:01:54] WARNING: High Temperature
[2026-04-20 14:02:01] HIGH TEMPERATURE DETECTED
[2026-04-20 14:02:01] WARNING: High Temperature
[2026-04-20 14:02:02] HIGH TEMPERATURE DETECTED
[2026-04-20 14:02:02] WARNING: High Temperature
[2026-04-20 14:02:05] HIGH TEMPERATURE DETECTED
[2026-04-20 14:02:05] WARNING: High Temperature
[2026-04-20 14:02:11] HIGH TEMPERATURE DETECTED
[2026-04-20 14:02:11] WARNING: High Temperature
[2026-04-20 14:02:13] HIGH TEMPERATURE DETECTED
[2026-04-20 14:02:13] WARNING: High Temperature
[2026-04-20 14:02:17] HIGH TEMPERATURE DETECTED
[2026-04-20 14:02:17] WARNING: High Temperature
[2026-04-20 14:02:21] HIGH TEMPERATURE DETECTED
[2026-04-20 14:02:21] WARNING: High Temperature
[2026-04-20 14:02:30] HIGH TEMPERATURE DETECTED
[2026-04-20 14:02:30] WARNING: High Temperature
[2026-04-20 14:02:33] HIGH TEMPERATURE DETECTED
[2026-04-20 14:02:33] WARNING: High Temperature
[2026-04-20 14:02:35] HIGH TEMPERATURE DETECTED
[2026-04-20 14:02:35] WARNING: High Temperature
[2026-04-20 14:02:43] HIGH TEMPERATURE DETECTED
[2026-04-20 14:02:43] WARNING: High Temperature
[2026-04-20 14:02:50] HIGH TEMPERATURE DETECTED
[2026-04-20 14:02:50] WARNING: High Temperature
[2026-04-20 14:02:52] HIGH TEMPERATURE DETECTED
[2026-04-20 14:02:52] WARNING: High Temperature
[2026-04-20 14:03:04] HIGH TEMPERATURE DETECTED
[2026-04-20 14:03:04] WARNING: High Temperature
[2026-04-20 14:03:07] HIGH TEMPERATURE DETECTED
[2026-04-20 14:03:07] WARNING: High Temperature
[2026-04-20 14:03:16] HIGH TEMPERATURE DETECTED
[2026-04-20 14:03:16] WARNING: High Temperature
[2026-04-20 14:13:48] HIGH TEMPERATURE DETECTED
[2026-04-20 14:18:14] WARNING: High Temperature
[2026-04-20 14:18:16] HIGH TEMPERATURE DETECTED
[2026-04-20 14:18:16] WARNING: High Temperature
[2026-04-20 14:18:19] HIGH TEMPERATURE DETECTED
[2026-04-20 14:18:19] WARNING: High Temperature
[2026-04-20 14:18:22] HIGH TEMPERATURE DETECTED
[2026-04-20 14:18:22] WARNING: High Temperature
[2026-04-20 14:18:23] HIGH TEMPERATURE DETECTED
[2026-04-20 14:18:23] WARNING: High Temperature
[2026-04-20 14:18:28] HIGH TEMPERATURE DETECTED
[2026-04-20 14:18:28] WARNING: High Temperature
[2026-04-20 14:18:34] HIGH TEMPERATURE DETECTED
[2026-04-20 14:18:34] WARNING: High Temperature
[2026-04-20 14:18:40] HIGH TEMPERATURE DETECTED
[2026-04-20 14:18:40] WARNING: High Temperature
[2026-04-20 14:18:44] HIGH TEMPERATURE DETECTED
[2026-04-20 14:18:44] WARNING: High Temperature
[2026-04-20 14:18:51] HIGH TEMPERATURE DETECTED
[2026-04-20 14:18:51] WARNING: High Temperature
[2026-04-20 14:19:01] HIGH TEMPERATURE DETECTED
[2026-04-20 14:19:01] WARNING: High Temperature
[2026-04-20 14:19:14] HIGH TEMPERATURE DETECTED
[2026-04-20 14:19:14] WARNING: High Temperature
[2026-04-20 14:19:23] HIGH TEMPERATURE DETECTED
[2026-04-20 14:19:23] WARNING: High Temperature
[2026-04-20 14:19:25] HIGH TEMPERATURE DETECTED
[2026-04-20 14:19:25] WARNING: High Temperature
[2026-04-20 14:19:28] HIGH TEMPERATURE DETECTED
[2026-04-20 14:19:28] WARNING: High Temperature
[2026-04-20 14:19:35] HIGH TEMPERATURE DETECTED
[2026-04-20 14:19:35] WARNING: High Temperature
[2026-04-20 14:19:36] HIGH TEMPERATURE DETECTED
[2026-04-20 14:19:36] WARNING: High Temperature
[2026-04-20 14:19:43] HIGH TEMPERATURE DETECTED
[2026-04-20 14:19:43] WARNING: High Temperature
[2026-04-20 14:19:44] HIGH TEMPERATURE DETECTED
[2026-04-20 14:19:44] WARNING: High Temperature
[2026-04-20 14:19:49] HIGH TEMPERATURE DETECTED
[2026-04-20 14:19:49] WARNING: High Temperature
[2026-04-20 14:19:50] HIGH TEMPERATURE DETECTED
[2026-04-20 14:19:50] WARNING: High Temperature
[2026-04-20 14:20:09] HIGH TEMPERATURE DETECTED
[2026-04-20 14:20:09] WARNING: High Temperature
[2026-04-20 14:20:14] HIGH TEMPERATURE DETECTED
[2026-04-20 14:20:14] WARNING: High Temperature
[2026-04-20 14:20:26] HIGH TEMPERATURE DETECTED
[2026-04-20 14:20:26] WARNING: High Temperature
[2026-04-20 14:20:28] HIGH TEMPERATURE DETECTED
[2026-04-20 14:20:28] WARNING: High Temperature
[2026-04-20 14:20:36] HIGH TEMPERATURE DETECTED
[2026-04-20 14:20:36] WARNING: High Temperature
[2026-04-20 14:20:46] HIGH TEMPERATURE DETECTED
[2026-04-20 14:20:46] WARNING: High Temperature
[2026-04-20 14:20:55] HIGH TEMPERATURE DETECTED
[2026-04-20 14:20:55] WARNING: High Temperature
[2026-04-20 14:20:56] HIGH TEMPERATURE DETECTED
[2026-04-20 14:20:56] WARNING: High Temperature
[2026-04-20 14:21:05] HIGH TEMPERATURE DETECTED
[2026-04-20 14:21:05] WARNING: High Temperature
[2026-04-20 14:21:08] HIGH TEMPERATURE DETECTED
[2026-04-20 14:21:08] WARNING: High Temperature
[2026-04-20 14:21:19] HIGH TEMPERATURE DETECTED
[2026-04-20 14:21:19] WARNING: High Temperature
[2026-04-20 14:21:22] HIGH TEMPERATURE DETECTED
[2026-04-20 14:21:22] WARNING: High Temperature
[2026-04-20 14:21:23] HIGH TEMPERATURE DETECTED
[2026-04-20 14:21:23] WARNING: High Temperature
[2026-04-20 14:21:26] HIGH TEMPERATURE DETECTED
[2026-04-20 14:21:26] WARNING: High Temperature
[2026-04-20 14:21:27] HIGH TEMPERATURE DETECTED
[2026-04-20 14:21:27] WARNING: High Temperature
[2026-04-20 14:21:38] HIGH TEMPERATURE DETECTED
[2026-04-20 14:21:38] WARNING: High Temperature
[2026-04-20 14:21:47] HIGH TEMPERATURE DETECTED
[2026-04-20 14:21:47] WARNING: High Temperature
[2026-04-20 14:22:09] HIGH TEMPERATURE DETECTED
[2026-04-20 14:22:09] WARNING: High Temperature
[2026-04-20 14:22:20] HIGH TEMPERATURE DETECTED
[2026-04-20 14:22:20] WARNING: High Temperature
[2026-04-20 14:22:23] HIGH TEMPERATURE DETECTED
[2026-04-20 14:22:23] WARNING: High Temperature
[2026-04-20 14:22:27] HIGH TEMPERATURE DETECTED
[2026-04-20 14:22:27] WARNING: High Temperature
[2026-04-20 14:22:31] HIGH TEMPERATURE DETECTED
[2026-04-20 14:22:31] WARNING: High Temperature
[2026-04-20 14:22:32] HIGH TEMPERATURE DETECTED
[2026-04-20 14:22:32] WARNING: High Temperature
[2026-04-20 14:22:36] HIGH TEMPERATURE DETECTED
[2026-04-20 14:22:36] WARNING: High Temperature
[2026-04-20 14:22:40] HIGH TEMPERATURE DETECTED
[2026-04-20 14:22:40] WARNING: High Temperature
[2026-04-20 14:23:00] HIGH TEMPERATURE DETECTED
[2026-04-20 14:23:00] WARNING: High Temperature
[2026-04-20 14:23:01] HIGH TEMPERATURE DETECTED
[2026-04-20 14:23:01] WARNING: High Temperature
[2026-04-20 14:23:04] HIGH TEMPERATURE DETECTED
[2026-04-20 14:23:04] WARNING: High Temperature
[2026-04-20 14:23:12] HIGH TEMPERATURE DETECTED
[2026-04-20 14:23:12] WARNING: High Temperature
[2026-04-20 14:23:13] HIGH TEMPERATURE DETECTED
[2026-04-20 14:23:13] WARNING: High Temperature
[2026-04-20 14:23:14] LOCKED - 100 Errors Reached
[2026-04-20 14:42:58] HIGH TEMPERATURE DETECTED
[2026-04-20 14:58:27] HIGH TEMPERATURE DETECTED
[2026-04-20 15:03:11] WARNING: High Temperature
[2026-04-20 15:08:05] LOCKED - 100 Errors Reached
[2026-04-20 15:17:24] HIGH TEMPERATURE DETECTED
[2026-04-20 15:20:23] WARNING: High Temperature
[2026-04-20 15:21:20] LOCKED - 100 Errors Reached
[2026-04-21 08:12:40] HIGH TEMPERATURE DETECTED
[2026-04-21 08:16:57] WARNING: High Temperature
[2026-04-21 08:21:18] LOCKED - 100 Errors Reached
[2026-04-21 08:47:09] HIGH TEMPERATURE DETECTED
[2026-04-21 08:51:18] WARNING: High Temperature
[2026-04-21 08:56:29] LOCKED - 100 Errors Reached
[2026-04-21 08:57:47] HIGH TEMPERATURE DETECTED
[2026-04-21 09:01:21] WARNING: High Temperature
[2026-04-21 09:05:30] HIGH TEMPERATURE DETECTED
[2026-04-21 09:08:08] HIGH TEMPERATURE DETECTED
[2026-04-21 09:11:59] WARNING: High Temperature
[2026-04-21 09:15:29] LOCKED - 100 Errors Reached
[2026-04-21 09:28:53] HIGH TEMPERATURE DETECTED
[2026-04-21 09:32:38] WARNING: High Temperature
[2026-04-21 09:35:59] HIGH TEMPERATURE DETECTED
[2026-04-21 09:50:10] HIGH TEMPERATURE DETECTED
[2026-04-21 09:54:35] WARNING: High Temperature
[2026-04-21 10:01:53] HIGH TEMPERATURE DETECTED
[2026-04-21 10:05:36] WARNING: High Temperature
[2026-04-21 10:26:42] HIGH TEMPERATURE DETECTED
[2026-04-21 10:30:33] HIGH TEMPERATURE DETECTED
[2026-07-20 13:21:58] HIGH TEMPERATURE DETECTED
[2026-07-20 17:29:05] WARNING: High Temperature
